<?xml version="1.0" encoding="UTF-8"?>
<!-- Generated by org.testng.reporters.JUnitReportReporter -->
<testsuite hostname="Vivek" failures="0" tests="3" name="VTigerPractice.Demo" time="0.014" errors="0" timestamp="2023-05-26T22:33:14 IST" skipped="0">
  <testcase classname="VTigerPractice.Demo" name="update" time="0.013"/>
  <system-out/>
  <testcase classname="VTigerPractice.Demo" name="create" time="0.001"/>
  <system-out/>
  <testcase classname="VTigerPractice.Demo" name="delete" time="0.000"/>
  <system-out/>
</testsuite> <!-- VTigerPractice.Demo -->
