<?xml version="1.0" encoding="UTF-8"?>
<!-- Generated by org.testng.reporters.JUnitReportReporter -->
<testsuite hostname="Vivek" failures="0" tests="1" name="pack.TS1" time="31.600" errors="0" timestamp="2023-05-13T18:16:38 IST" skipped="0">
  <testcase classname="pack.TS1" name="main" time="31.600"/>
  <system-out/>
</testsuite> <!-- pack.TS1 -->
