<?xml version="1.0" encoding="UTF-8"?>
<!-- Generated by org.testng.reporters.JUnitReportReporter -->
<testsuite hostname="Vivek" failures="0" tests="1" name="vtiger.product.CreateProduct" time="241.680" errors="0" timestamp="2023-06-02T19:34:41 IST" skipped="0">
  <testcase classname="vtiger.product.CreateProduct" name="createProductTest" time="241.680"/>
  <system-out/>
</testsuite> <!-- vtiger.product.CreateProduct -->
