<?xml version="1.0" encoding="UTF-8"?>
<!-- Generated by org.testng.reporters.JUnitReportReporter -->
<testsuite hostname="Vivek" failures="0" tests="1" name="vtiger.contact.CreateContact" time="243.552" errors="0" timestamp="2023-06-02T19:34:41 IST" skipped="0">
  <testcase classname="vtiger.contact.CreateContact" name="createContactTest" time="243.552"/>
  <system-out/>
</testsuite> <!-- vtiger.contact.CreateContact -->
