<?xml version="1.0" encoding="UTF-8"?>
<!-- Generated by org.testng.reporters.JUnitReportReporter -->
<testsuite hostname="Vivek" failures="0" tests="9" name="vtiger.organisationtest.CreateOgrWithIndustryTest" time="157.098" errors="0" timestamp="2023-06-10T09:46:10 IST" skipped="0">
  <testcase classname="vtiger.organisationtest.CreateOgrWithIndustryTest" name="createOrganisationWithIndustryTest" time="17.404"/>
  <system-out>
    <![CDATA[Click on Organizations link
Click on Create Org Look Up Image
Create Organization with mandatory fields
Organization Created Successful.]]>
  </system-out>
  <testcase classname="vtiger.organisationtest.CreateOgrWithIndustryTest" name="createOrganisationWithIndustryTest" time="19.413"/>
  <system-out>
    <![CDATA[Click on Organizations link
Click on Create Org Look Up Image
Create Organization with mandatory fields
Organization Created Successful.]]>
  </system-out>
  <testcase classname="vtiger.organisationtest.CreateOgrWithIndustryTest" name="createOrganisationWithIndustryTest" time="18.191"/>
  <system-out>
    <![CDATA[Click on Organizations link
Click on Create Org Look Up Image
Create Organization with mandatory fields
Organization Created Successful.]]>
  </system-out>
  <testcase classname="vtiger.organisationtest.CreateOgrWithIndustryTest" name="createOrganisationWithIndustryTest" time="18.072"/>
  <system-out>
    <![CDATA[Click on Organizations link
Click on Create Org Look Up Image
Create Organization with mandatory fields
Organization Created Successful.]]>
  </system-out>
  <testcase classname="vtiger.organisationtest.CreateOgrWithIndustryTest" name="createOrganisationWithIndustryTest" time="16.780"/>
  <system-out>
    <![CDATA[Click on Organizations link
Click on Create Org Look Up Image
Create Organization with mandatory fields
Organization Created Successful.]]>
  </system-out>
  <testcase classname="vtiger.organisationtest.CreateOgrWithIndustryTest" name="createOrganisationWithIndustryTest" time="16.367"/>
  <system-out>
    <![CDATA[Click on Organizations link
Click on Create Org Look Up Image
Create Organization with mandatory fields
Organization Created Successful.]]>
  </system-out>
  <testcase classname="vtiger.organisationtest.CreateOgrWithIndustryTest" name="createOrganisationWithIndustryTest" time="17.368"/>
  <system-out>
    <![CDATA[Click on Organizations link
Click on Create Org Look Up Image
Create Organization with mandatory fields
Organization Created Successful.]]>
  </system-out>
  <testcase classname="vtiger.organisationtest.CreateOgrWithIndustryTest" name="createOrganisationWithIndustryTest" time="16.519"/>
  <system-out>
    <![CDATA[Click on Organizations link
Click on Create Org Look Up Image
Create Organization with mandatory fields
Organization Created Successful.]]>
  </system-out>
  <testcase classname="vtiger.organisationtest.CreateOgrWithIndustryTest" name="createOrganisationWithIndustryTest" time="16.984"/>
  <system-out>
    <![CDATA[Click on Organizations link
Click on Create Org Look Up Image
Create Organization with mandatory fields
Organization Created Successful.]]>
  </system-out>
</testsuite> <!-- vtiger.organisationtest.CreateOgrWithIndustryTest -->
