<?xml version="1.0" encoding="UTF-8"?>
<!-- Generated by org.testng.reporters.JUnitReportReporter -->
<testsuite hostname="Vivek" failures="0" tests="1" name="VTigerPractice.ReadDataFromCMDLine" time="0.014" errors="0" timestamp="2023-06-13T00:23:49 IST" skipped="0">
  <testcase classname="VTigerPractice.ReadDataFromCMDLine" name="read" time="0.014"/>
  <system-out/>
</testsuite> <!-- VTigerPractice.ReadDataFromCMDLine -->
