<?xml version="1.0" encoding="UTF-8"?>
<!-- Generated by org.testng.reporters.JUnitReportReporter -->
<testsuite hostname="Vivek" failures="0" tests="2" name="VTigerPractice.Demo2" time="0.017" errors="0" timestamp="2023-05-26T22:52:24 IST" skipped="1">
  <testcase classname="VTigerPractice.Demo2" name="update" time="0.017"/>
  <system-out/>
  <testcase classname="VTigerPractice.Demo2" name="create">
    <skipped/>
  </testcase> <!-- create -->
  <system-out/>
</testsuite> <!-- VTigerPractice.Demo2 -->
