<?xml version="1.0" encoding="UTF-8"?>
<!-- Generated by org.testng.reporters.JUnitReportReporter -->
<testsuite hostname="Vivek" failures="0" tests="9" name="vtiger.organisationtest.CreateOgrWithIndustryTest" time="191.040" errors="0" timestamp="2023-06-20T12:35:14 IST" skipped="0">
  <testcase classname="vtiger.organisationtest.CreateOgrWithIndustryTest" name="createOrganisationWithIndustryTest" time="18.397"/>
  <system-out>
    <![CDATA[Click on Organizations link
Click on Create Org Look Up Image
Create Organization with mandatory fields
Organization Created Successful.]]>
  </system-out>
  <testcase classname="vtiger.organisationtest.CreateOgrWithIndustryTest" name="createOrganisationWithIndustryTest" time="20.182"/>
  <system-out>
    <![CDATA[Click on Organizations link
Click on Create Org Look Up Image
Create Organization with mandatory fields
Organization Created Successful.]]>
  </system-out>
  <testcase classname="vtiger.organisationtest.CreateOgrWithIndustryTest" name="createOrganisationWithIndustryTest" time="17.510"/>
  <system-out>
    <![CDATA[Click on Organizations link
Click on Create Org Look Up Image
Create Organization with mandatory fields
Organization Created Successful.]]>
  </system-out>
  <testcase classname="vtiger.organisationtest.CreateOgrWithIndustryTest" name="createOrganisationWithIndustryTest" time="18.126"/>
  <system-out>
    <![CDATA[Click on Organizations link
Click on Create Org Look Up Image
Create Organization with mandatory fields
Organization Created Successful.]]>
  </system-out>
  <testcase classname="vtiger.organisationtest.CreateOgrWithIndustryTest" name="createOrganisationWithIndustryTest" time="17.931"/>
  <system-out>
    <![CDATA[Click on Organizations link
Click on Create Org Look Up Image
Create Organization with mandatory fields
Organization Created Successful.]]>
  </system-out>
  <testcase classname="vtiger.organisationtest.CreateOgrWithIndustryTest" name="createOrganisationWithIndustryTest" time="16.782"/>
  <system-out>
    <![CDATA[Click on Organizations link
Click on Create Org Look Up Image
Create Organization with mandatory fields
Organization Created Successful.]]>
  </system-out>
  <testcase classname="vtiger.organisationtest.CreateOgrWithIndustryTest" name="createOrganisationWithIndustryTest" time="38.759"/>
  <system-out>
    <![CDATA[Click on Organizations link
Click on Create Org Look Up Image
Create Organization with mandatory fields
Organization Created Successful.]]>
  </system-out>
  <testcase classname="vtiger.organisationtest.CreateOgrWithIndustryTest" name="createOrganisationWithIndustryTest" time="25.856"/>
  <system-out>
    <![CDATA[Click on Organizations link
Click on Create Org Look Up Image
Create Organization with mandatory fields
Organization Created Successful.]]>
  </system-out>
  <testcase classname="vtiger.organisationtest.CreateOgrWithIndustryTest" name="createOrganisationWithIndustryTest" time="17.497"/>
  <system-out>
    <![CDATA[Click on Organizations link
Click on Create Org Look Up Image
Create Organization with mandatory fields
Organization Created Successful.]]>
  </system-out>
</testsuite> <!-- vtiger.organisationtest.CreateOgrWithIndustryTest -->
