<?xml version="1.0" encoding="UTF-8"?>
<!-- Generated by org.testng.reporters.JUnitReportReporter -->
<testsuite hostname="Vivek" failures="0" tests="1" name="vtiger.organisationtest.DeleteOrganisationTest" time="10.580" errors="0" timestamp="2023-06-14T11:16:34 IST" skipped="0">
  <testcase classname="vtiger.organisationtest.DeleteOrganisationTest" name="deleteOrganisationTest" time="10.580"/>
  <system-out/>
</testsuite> <!-- vtiger.organisationtest.DeleteOrganisationTest -->
