<?xml version="1.0" encoding="UTF-8"?>
<!-- Generated by org.testng.reporters.JUnitReportReporter -->
<testsuite hostname="Vivek" failures="0" tests="1" name="vtiger.product.CreateProductTest" time="27.712" errors="0" timestamp="2023-06-14T11:00:24 IST" skipped="0">
  <testcase classname="vtiger.product.CreateProductTest" name="createProductTest" time="27.712"/>
  <system-out/>
</testsuite> <!-- vtiger.product.CreateProductTest -->
