<?xml version="1.0" encoding="UTF-8"?>
<!-- Generated by org.testng.reporters.JUnitReportReporter -->
<testsuite hostname="Vivek" failures="0" tests="9" name="vtiger.organisationtest.CreateOgrWithIndustryTest" time="154.887" errors="0" timestamp="2023-06-14T11:00:24 IST" skipped="0">
  <testcase classname="vtiger.organisationtest.CreateOgrWithIndustryTest" name="createOrganisationWithIndustryTest" time="15.798"/>
  <system-out>
    <![CDATA[Click on Organizations link
Click on Create Org Look Up Image
Create Organization with mandatory fields
Organization Created Successful.]]>
  </system-out>
  <testcase classname="vtiger.organisationtest.CreateOgrWithIndustryTest" name="createOrganisationWithIndustryTest" time="17.857"/>
  <system-out>
    <![CDATA[Click on Organizations link
Click on Create Org Look Up Image
Create Organization with mandatory fields
Organization Created Successful.]]>
  </system-out>
  <testcase classname="vtiger.organisationtest.CreateOgrWithIndustryTest" name="createOrganisationWithIndustryTest" time="17.739"/>
  <system-out>
    <![CDATA[Click on Organizations link
Click on Create Org Look Up Image
Create Organization with mandatory fields
Organization Created Successful.]]>
  </system-out>
  <testcase classname="vtiger.organisationtest.CreateOgrWithIndustryTest" name="createOrganisationWithIndustryTest" time="17.157"/>
  <system-out>
    <![CDATA[Click on Organizations link
Click on Create Org Look Up Image
Create Organization with mandatory fields
Organization Created Successful.]]>
  </system-out>
  <testcase classname="vtiger.organisationtest.CreateOgrWithIndustryTest" name="createOrganisationWithIndustryTest" time="17.212"/>
  <system-out>
    <![CDATA[Click on Organizations link
Click on Create Org Look Up Image
Create Organization with mandatory fields
Organization Created Successful.]]>
  </system-out>
  <testcase classname="vtiger.organisationtest.CreateOgrWithIndustryTest" name="createOrganisationWithIndustryTest" time="16.798"/>
  <system-out>
    <![CDATA[Click on Organizations link
Click on Create Org Look Up Image
Create Organization with mandatory fields
Organization Created Successful.]]>
  </system-out>
  <testcase classname="vtiger.organisationtest.CreateOgrWithIndustryTest" name="createOrganisationWithIndustryTest" time="16.698"/>
  <system-out>
    <![CDATA[Click on Organizations link
Click on Create Org Look Up Image
Create Organization with mandatory fields
Organization Created Successful.]]>
  </system-out>
  <testcase classname="vtiger.organisationtest.CreateOgrWithIndustryTest" name="createOrganisationWithIndustryTest" time="17.890"/>
  <system-out>
    <![CDATA[Click on Organizations link
Click on Create Org Look Up Image
Create Organization with mandatory fields
Organization Created Successful.]]>
  </system-out>
  <testcase classname="vtiger.organisationtest.CreateOgrWithIndustryTest" name="createOrganisationWithIndustryTest" time="17.738"/>
  <system-out>
    <![CDATA[Click on Organizations link
Click on Create Org Look Up Image
Create Organization with mandatory fields
Organization Created Successful.]]>
  </system-out>
</testsuite> <!-- vtiger.organisationtest.CreateOgrWithIndustryTest -->
