<?xml version="1.0" encoding="UTF-8"?>
<!-- Generated by org.testng.reporters.JUnitReportReporter -->
<testsuite hostname="Vivek" failures="0" tests="1" name="vtiger.organisationtest.CreateOrganisationWithIndustryTest" time="15.677" errors="0" timestamp="2023-06-14T11:00:24 IST" skipped="0">
  <testcase classname="vtiger.organisationtest.CreateOrganisationWithIndustryTest" name="createOrganisationWithIndustryTest" time="15.677"/>
  <system-out>
    <![CDATA[Click on Organizations link
Click on Create Org Look Up Image
Create Organization with mandatory fields]]>
  </system-out>
</testsuite> <!-- vtiger.organisationtest.CreateOrganisationWithIndustryTest -->
